2014/12/19 09:55:06 [error] [exception.CDbException] exception 'CDbException' with message 'CDbConnection failed to open the DB connection: SQLSTATE[28000] [1045] Access denied for user 'root'@'localhost' (using password: NO)' in /home/vagrant/uni/Estacionamiento/framework/db/CDbConnection.php:382
Stack trace:
#0 /home/vagrant/uni/Estacionamiento/framework/db/CDbConnection.php(330): CDbConnection->open()
#1 /home/vagrant/uni/Estacionamiento/framework/db/CDbConnection.php(308): CDbConnection->setActive(true)
#2 /home/vagrant/uni/Estacionamiento/framework/base/CModule.php(387): CDbConnection->init()
#3 /home/vagrant/uni/Estacionamiento/framework/base/CApplication.php(450): CModule->getComponent('db')
#4 /home/vagrant/uni/Estacionamiento/framework/db/ar/CActiveRecord.php(634): CApplication->getDb()
#5 /home/vagrant/uni/Estacionamiento/framework/db/ar/CActiveRecord.php(667): CActiveRecord->getDbConnection()
#6 /home/vagrant/uni/Estacionamiento/framework/db/ar/CActiveRecord.php(1455): CActiveRecord->getCommandBuilder()
#7 /home/vagrant/uni/Estacionamiento/miraflorespark/protected/components/UserIdentity.php(37): CActiveRecord->find('LOWER(nombre)=?', Array)
#8 /home/vagrant/uni/Estacionamiento/miraflorespark/protected/models/LoginForm.php(52): UserIdentity->authenticate()
#9 /home/vagrant/uni/Estacionamiento/framework/validators/CInlineValidator.php(42): LoginForm->authenticate('password', Array)
#10 /home/vagrant/uni/Estacionamiento/framework/validators/CValidator.php(213): CInlineValidator->validateAttribute(Object(LoginForm), 'password')
#11 /home/vagrant/uni/Estacionamiento/framework/base/CModel.php(159): CValidator->validate(Object(LoginForm), NULL)
#12 /home/vagrant/uni/Estacionamiento/miraflorespark/protected/controllers/SiteController.php(108): CModel->validate()
#13 /home/vagrant/uni/Estacionamiento/framework/web/actions/CInlineAction.php(49): SiteController->actionLogin()
#14 /home/vagrant/uni/Estacionamiento/framework/web/CController.php(308): CInlineAction->runWithParams(Array)
#15 /home/vagrant/uni/Estacionamiento/framework/web/CController.php(286): CController->runAction(Object(CInlineAction))
#16 /home/vagrant/uni/Estacionamiento/framework/web/CController.php(265): CController->runActionWithFilters(Object(CInlineAction), Array)
#17 /home/vagrant/uni/Estacionamiento/framework/web/CWebApplication.php(282): CController->run('login')
#18 /home/vagrant/uni/Estacionamiento/framework/web/CWebApplication.php(141): CWebApplication->runController('site/login')
#19 /home/vagrant/uni/Estacionamiento/framework/base/CApplication.php(180): CWebApplication->processRequest()
#20 /home/vagrant/uni/Estacionamiento/miraflorespark/index.php(13): CApplication->run()
#21 {main}
REQUEST_URI=/Estacionamiento/miraflorespark/index.php?r=site/login
HTTP_REFERER=http://uni.dev/Estacionamiento/miraflorespark/index.php?r=site/login
---
2014/12/19 09:56:22 [error] [exception.CHttpException.404] exception 'CHttpException' with message 'The system is unable to find the requested action "gtarifas".' in /home/vagrant/uni/Estacionamiento/framework/web/CController.php:483
Stack trace:
#0 /home/vagrant/uni/Estacionamiento/framework/web/CController.php(270): CController->missingAction('gtarifas')
#1 /home/vagrant/uni/Estacionamiento/framework/web/CWebApplication.php(282): CController->run('gtarifas')
#2 /home/vagrant/uni/Estacionamiento/framework/web/CWebApplication.php(141): CWebApplication->runController('administrador/g...')
#3 /home/vagrant/uni/Estacionamiento/framework/base/CApplication.php(180): CWebApplication->processRequest()
#4 /home/vagrant/uni/Estacionamiento/miraflorespark/index.php(13): CApplication->run()
#5 {main}
REQUEST_URI=/Estacionamiento/miraflorespark/index.php?r=administrador/gtarifas
HTTP_REFERER=http://uni.dev/Estacionamiento/miraflorespark/index.php?r=cliente/admin
---
2014/12/19 09:56:36 [error] [exception.CHttpException.404] exception 'CHttpException' with message 'The system is unable to find the requested action "gtarifas".' in /home/vagrant/uni/Estacionamiento/framework/web/CController.php:483
Stack trace:
#0 /home/vagrant/uni/Estacionamiento/framework/web/CController.php(270): CController->missingAction('gtarifas')
#1 /home/vagrant/uni/Estacionamiento/framework/web/CWebApplication.php(282): CController->run('gtarifas')
#2 /home/vagrant/uni/Estacionamiento/framework/web/CWebApplication.php(141): CWebApplication->runController('administrador/g...')
#3 /home/vagrant/uni/Estacionamiento/framework/base/CApplication.php(180): CWebApplication->processRequest()
#4 /home/vagrant/uni/Estacionamiento/miraflorespark/index.php(13): CApplication->run()
#5 {main}
REQUEST_URI=/Estacionamiento/miraflorespark/index.php?r=administrador/gtarifas
HTTP_REFERER=http://uni.dev/Estacionamiento/miraflorespark/index.php?r=parking/admin
---
2014/12/19 09:58:26 [error] [exception.CHttpException.404] exception 'CHttpException' with message 'The system is unable to find the requested action "gtarifas".' in /home/vagrant/uni/Estacionamiento/framework/web/CController.php:483
Stack trace:
#0 /home/vagrant/uni/Estacionamiento/framework/web/CController.php(270): CController->missingAction('gtarifas')
#1 /home/vagrant/uni/Estacionamiento/framework/web/CWebApplication.php(282): CController->run('gtarifas')
#2 /home/vagrant/uni/Estacionamiento/framework/web/CWebApplication.php(141): CWebApplication->runController('administrador/g...')
#3 /home/vagrant/uni/Estacionamiento/framework/base/CApplication.php(180): CWebApplication->processRequest()
#4 /home/vagrant/uni/Estacionamiento/miraflorespark/index.php(13): CApplication->run()
#5 {main}
REQUEST_URI=/Estacionamiento/miraflorespark/index.php?r=administrador/gtarifas
HTTP_REFERER=http://uni.dev/Estacionamiento/miraflorespark/index.php?r=cliente/admin
---
2014/12/19 09:58:34 [error] [exception.CHttpException.404] exception 'CHttpException' with message 'The system is unable to find the requested action "gtarifas".' in /home/vagrant/uni/Estacionamiento/framework/web/CController.php:483
Stack trace:
#0 /home/vagrant/uni/Estacionamiento/framework/web/CController.php(270): CController->missingAction('gtarifas')
#1 /home/vagrant/uni/Estacionamiento/framework/web/CWebApplication.php(282): CController->run('gtarifas')
#2 /home/vagrant/uni/Estacionamiento/framework/web/CWebApplication.php(141): CWebApplication->runController('administrador/g...')
#3 /home/vagrant/uni/Estacionamiento/framework/base/CApplication.php(180): CWebApplication->processRequest()
#4 /home/vagrant/uni/Estacionamiento/miraflorespark/index.php(13): CApplication->run()
#5 {main}
REQUEST_URI=/Estacionamiento/miraflorespark/index.php?r=administrador/gtarifas
HTTP_REFERER=http://uni.dev/Estacionamiento/miraflorespark/index.php?r=cliente/admin
---
2014/12/19 09:59:25 [error] [exception.CHttpException.404] exception 'CHttpException' with message 'The system is unable to find the requested action "gtarifas".' in /home/vagrant/uni/Estacionamiento/framework/web/CController.php:483
Stack trace:
#0 /home/vagrant/uni/Estacionamiento/framework/web/CController.php(270): CController->missingAction('gtarifas')
#1 /home/vagrant/uni/Estacionamiento/framework/web/CWebApplication.php(282): CController->run('gtarifas')
#2 /home/vagrant/uni/Estacionamiento/framework/web/CWebApplication.php(141): CWebApplication->runController('administrador/g...')
#3 /home/vagrant/uni/Estacionamiento/framework/base/CApplication.php(180): CWebApplication->processRequest()
#4 /home/vagrant/uni/Estacionamiento/miraflorespark/index.php(13): CApplication->run()
#5 {main}
REQUEST_URI=/Estacionamiento/miraflorespark/index.php?r=administrador/gtarifas
HTTP_REFERER=http://uni.dev/Estacionamiento/miraflorespark/index.php?r=cliente/admin
---
2014/12/19 10:00:00 [error] [exception.CHttpException.404] exception 'CHttpException' with message 'The system is unable to find the requested action "gtarifas".' in /home/vagrant/uni/Estacionamiento/framework/web/CController.php:483
Stack trace:
#0 /home/vagrant/uni/Estacionamiento/framework/web/CController.php(270): CController->missingAction('gtarifas')
#1 /home/vagrant/uni/Estacionamiento/framework/web/CWebApplication.php(282): CController->run('gtarifas')
#2 /home/vagrant/uni/Estacionamiento/framework/web/CWebApplication.php(141): CWebApplication->runController('administrador/g...')
#3 /home/vagrant/uni/Estacionamiento/framework/base/CApplication.php(180): CWebApplication->processRequest()
#4 /home/vagrant/uni/Estacionamiento/miraflorespark/index.php(13): CApplication->run()
#5 {main}
REQUEST_URI=/Estacionamiento/miraflorespark/index.php?r=administrador/gtarifas
HTTP_REFERER=http://uni.dev/Estacionamiento/miraflorespark/index.php?r=parking/admin
---
2014/12/19 10:00:27 [error] [exception.CHttpException.404] exception 'CHttpException' with message 'The system is unable to find the requested action "gtarifas".' in /home/vagrant/uni/Estacionamiento/framework/web/CController.php:483
Stack trace:
#0 /home/vagrant/uni/Estacionamiento/framework/web/CController.php(270): CController->missingAction('gtarifas')
#1 /home/vagrant/uni/Estacionamiento/framework/web/CWebApplication.php(282): CController->run('gtarifas')
#2 /home/vagrant/uni/Estacionamiento/framework/web/CWebApplication.php(141): CWebApplication->runController('administrador/g...')
#3 /home/vagrant/uni/Estacionamiento/framework/base/CApplication.php(180): CWebApplication->processRequest()
#4 /home/vagrant/uni/Estacionamiento/miraflorespark/index.php(13): CApplication->run()
#5 {main}
REQUEST_URI=/Estacionamiento/miraflorespark/index.php?r=administrador/gtarifas
HTTP_REFERER=http://uni.dev/Estacionamiento/miraflorespark/index.php?r=parking/admin
---
2014/12/19 10:01:44 [error] [exception.CHttpException.404] exception 'CHttpException' with message 'The system is unable to find the requested action "gtarifas".' in /home/vagrant/uni/Estacionamiento/framework/web/CController.php:483
Stack trace:
#0 /home/vagrant/uni/Estacionamiento/framework/web/CController.php(270): CController->missingAction('gtarifas')
#1 /home/vagrant/uni/Estacionamiento/framework/web/CWebApplication.php(282): CController->run('gtarifas')
#2 /home/vagrant/uni/Estacionamiento/framework/web/CWebApplication.php(141): CWebApplication->runController('administrador/g...')
#3 /home/vagrant/uni/Estacionamiento/framework/base/CApplication.php(180): CWebApplication->processRequest()
#4 /home/vagrant/uni/Estacionamiento/miraflorespark/index.php(13): CApplication->run()
#5 {main}
REQUEST_URI=/Estacionamiento/miraflorespark/index.php?r=administrador/gtarifas
HTTP_REFERER=http://uni.dev/Estacionamiento/miraflorespark/index.php?r=cliente/admin
---
2014/12/19 10:02:22 [error] [exception.CHttpException.404] exception 'CHttpException' with message 'The system is unable to find the requested action "gtarifas".' in /home/vagrant/uni/Estacionamiento/framework/web/CController.php:483
Stack trace:
#0 /home/vagrant/uni/Estacionamiento/framework/web/CController.php(270): CController->missingAction('gtarifas')
#1 /home/vagrant/uni/Estacionamiento/framework/web/CWebApplication.php(282): CController->run('gtarifas')
#2 /home/vagrant/uni/Estacionamiento/framework/web/CWebApplication.php(141): CWebApplication->runController('administrador/g...')
#3 /home/vagrant/uni/Estacionamiento/framework/base/CApplication.php(180): CWebApplication->processRequest()
#4 /home/vagrant/uni/Estacionamiento/miraflorespark/index.php(13): CApplication->run()
#5 {main}
REQUEST_URI=/Estacionamiento/miraflorespark/index.php?r=administrador/gtarifas
HTTP_REFERER=http://uni.dev/Estacionamiento/miraflorespark/index.php?r=cliente/admin
---
2014/12/19 10:02:41 [error] [exception.CHttpException.404] exception 'CHttpException' with message 'The system is unable to find the requested action "gtarifas".' in /home/vagrant/uni/Estacionamiento/framework/web/CController.php:483
Stack trace:
#0 /home/vagrant/uni/Estacionamiento/framework/web/CController.php(270): CController->missingAction('gtarifas')
#1 /home/vagrant/uni/Estacionamiento/framework/web/CWebApplication.php(282): CController->run('gtarifas')
#2 /home/vagrant/uni/Estacionamiento/framework/web/CWebApplication.php(141): CWebApplication->runController('administrador/g...')
#3 /home/vagrant/uni/Estacionamiento/framework/base/CApplication.php(180): CWebApplication->processRequest()
#4 /home/vagrant/uni/Estacionamiento/miraflorespark/index.php(13): CApplication->run()
#5 {main}
REQUEST_URI=/Estacionamiento/miraflorespark/index.php?r=administrador/gtarifas
HTTP_REFERER=http://uni.dev/Estacionamiento/miraflorespark/index.php?r=cliente/admin
---
